# System
pipewire-audio
pavucontrol

# Backup
rsync

# Text editor
neovim
luarocks		# For lazy-vim plugin manager

# Display Manager
hyprland
qt6-wayland
mako			# AUR
grimblast-git		# AUR
wl-clipboard		# Required for grimblast-git
fuzzel
xdg-desktop-portal-hyprland

# Applications
firefox
kitty

# Extra
gtk3			# For kitty to work (validate)
tldr			# literally tldr of man pages
libnotify		# testing system notifications
zsh
thefuck			# thefuck?
otf-font-awesome	# required for waybar icons
tree			# list contents of directories in a tree-like format
